<?xml version="1.0" encoding="UTF-8"?>
<coverage generated="1496612097033" clover="3.2.0">
  <project timestamp="1496612097034" name="All files">
    <metrics statements="109" coveredstatements="90" conditionals="34" coveredconditionals="24" methods="39" coveredmethods="24" elements="182" coveredelements="138" complexity="0" loc="109" ncloc="109" packages="9" files="13" classes="13">
      <package name="src">
        <metrics statements="3" coveredstatements="3" conditionals="0" coveredconditionals="0" methods="1" coveredmethods="1"/>
        <file name="index.js" path="/Users/ozzycrane/Desktop/Development/personal/hightouch_challenge/src/index.js">
          <metrics statements="3" coveredstatements="3" conditionals="0" coveredconditionals="0" methods="1" coveredmethods="1"/>
          <line num="9" count="1" type="stmt"/>
          <line num="10" count="1" type="stmt"/>
          <line num="11" count="1" type="stmt"/>
        </file>
      </package>
      <package name="src.components.OptionsBar">
        <metrics statements="6" coveredstatements="5" conditionals="2" coveredconditionals="0" methods="2" coveredmethods="1"/>
        <file name="index.js" path="/Users/ozzycrane/Desktop/Development/personal/hightouch_challenge/src/components/OptionsBar/index.js">
          <metrics statements="6" coveredstatements="5" conditionals="2" coveredconditionals="0" methods="2" coveredmethods="1"/>
          <line num="6" count="3" type="stmt"/>
          <line num="12" count="3" type="stmt"/>
          <line num="19" count="1" type="stmt"/>
          <line num="22" count="0" type="stmt"/>
          <line num="35" count="3" type="stmt"/>
          <line num="41" count="3" type="stmt"/>
        </file>
      </package>
      <package name="src.components.Section">
        <metrics statements="1" coveredstatements="1" conditionals="0" coveredconditionals="0" methods="0" coveredmethods="0"/>
        <file name="index.js" path="/Users/ozzycrane/Desktop/Development/personal/hightouch_challenge/src/components/Section/index.js">
          <metrics statements="1" coveredstatements="1" conditionals="0" coveredconditionals="0" methods="0" coveredmethods="0"/>
          <line num="4" count="2" type="stmt"/>
        </file>
      </package>
      <package name="src.components.TreeListView">
        <metrics statements="10" coveredstatements="9" conditionals="6" coveredconditionals="6" methods="5" coveredmethods="4"/>
        <file name="index.js" path="/Users/ozzycrane/Desktop/Development/personal/hightouch_challenge/src/components/TreeListView/index.js">
          <metrics statements="10" coveredstatements="9" conditionals="6" coveredconditionals="6" methods="5" coveredmethods="4"/>
          <line num="9" count="3" type="stmt"/>
          <line num="20" count="0" type="stmt"/>
          <line num="26" count="5" type="cond" truecount="4" falsecount="0"/>
          <line num="27" count="3" type="stmt"/>
          <line num="33" count="2" type="stmt"/>
          <line num="36" count="2" type="stmt"/>
          <line num="43" count="3" type="stmt"/>
          <line num="44" count="3" type="stmt"/>
          <line num="52" count="3" type="stmt"/>
          <line num="56" count="3" type="stmt"/>
        </file>
      </package>
      <package name="src.components.TreeListView.NodeCell">
        <metrics statements="9" coveredstatements="8" conditionals="2" coveredconditionals="1" methods="3" coveredmethods="2"/>
        <file name="index.js" path="/Users/ozzycrane/Desktop/Development/personal/hightouch_challenge/src/components/TreeListView/NodeCell/index.js">
          <metrics statements="9" coveredstatements="8" conditionals="2" coveredconditionals="1" methods="3" coveredmethods="2"/>
          <line num="6" count="4" type="stmt"/>
          <line num="7" count="1" type="stmt"/>
          <line num="14" count="4" type="stmt"/>
          <line num="21" count="4" type="stmt"/>
          <line num="25" count="4" type="stmt"/>
          <line num="26" count="2" type="stmt"/>
          <line num="40" count="4" type="stmt"/>
          <line num="53" count="4" type="stmt"/>
          <line num="55" count="0" type="stmt"/>
        </file>
      </package>
      <package name="src.components.common">
        <metrics statements="0" coveredstatements="0" conditionals="0" coveredconditionals="0" methods="0" coveredmethods="0"/>
        <file name="index.js" path="/Users/ozzycrane/Desktop/Development/personal/hightouch_challenge/src/components/common/index.js">
          <metrics statements="0" coveredstatements="0" conditionals="0" coveredconditionals="0" methods="0" coveredmethods="0"/>
        </file>
      </package>
      <package name="src.components.common.Card">
        <metrics statements="4" coveredstatements="2" conditionals="0" coveredconditionals="0" methods="1" coveredmethods="0"/>
        <file name="index.js" path="/Users/ozzycrane/Desktop/Development/personal/hightouch_challenge/src/components/common/Card/index.js">
          <metrics statements="4" coveredstatements="2" conditionals="0" coveredconditionals="0" methods="1" coveredmethods="0"/>
          <line num="4" count="4" type="stmt"/>
          <line num="21" count="4" type="stmt"/>
          <line num="22" count="0" type="stmt"/>
          <line num="23" count="0" type="stmt"/>
        </file>
      </package>
      <package name="src.components.common.CardSection">
        <metrics statements="4" coveredstatements="2" conditionals="0" coveredconditionals="0" methods="1" coveredmethods="0"/>
        <file name="index.js" path="/Users/ozzycrane/Desktop/Development/personal/hightouch_challenge/src/components/common/CardSection/index.js">
          <metrics statements="4" coveredstatements="2" conditionals="0" coveredconditionals="0" methods="1" coveredmethods="0"/>
          <line num="4" count="4" type="stmt"/>
          <line num="16" count="4" type="stmt"/>
          <line num="17" count="0" type="stmt"/>
          <line num="18" count="0" type="stmt"/>
        </file>
      </package>
      <package name="src.containers.Menu">
        <metrics statements="72" coveredstatements="60" conditionals="24" coveredconditionals="17" methods="26" coveredmethods="16"/>
        <file name="actions.js" path="/Users/ozzycrane/Desktop/Development/personal/hightouch_challenge/src/containers/Menu/actions.js">
          <metrics statements="8" coveredstatements="8" conditionals="0" coveredconditionals="0" methods="4" coveredmethods="4"/>
          <line num="4" count="3" type="stmt"/>
          <line num="5" count="4" type="stmt"/>
          <line num="12" count="3" type="stmt"/>
          <line num="13" count="2" type="stmt"/>
          <line num="21" count="3" type="stmt"/>
          <line num="24" count="3" type="stmt"/>
          <line num="29" count="3" type="stmt"/>
          <line num="30" count="1" type="stmt"/>
        </file>
        <file name="index.js" path="/Users/ozzycrane/Desktop/Development/personal/hightouch_challenge/src/containers/Menu/index.js">
          <metrics statements="20" coveredstatements="8" conditionals="6" coveredconditionals="1" methods="12" coveredmethods="2"/>
          <line num="16" count="0" type="stmt"/>
          <line num="20" count="0" type="stmt"/>
          <line num="21" count="0" type="stmt"/>
          <line num="25" count="0" type="cond" truecount="0" falsecount="2"/>
          <line num="28" count="0" type="stmt"/>
          <line num="29" count="0" type="cond" truecount="0" falsecount="2"/>
          <line num="30" count="0" type="stmt"/>
          <line num="36" count="0" type="stmt"/>
          <line num="40" count="1" type="stmt"/>
          <line num="47" count="0" type="stmt"/>
          <line num="60" count="2" type="stmt"/>
          <line num="91" count="2" type="stmt"/>
          <line num="94" count="0" type="stmt"/>
          <line num="95" count="0" type="stmt"/>
          <line num="96" count="0" type="stmt"/>
          <line num="101" count="2" type="stmt"/>
          <line num="102" count="3" type="stmt"/>
          <line num="103" count="3" type="stmt"/>
          <line num="104" count="3" type="stmt"/>
          <line num="112" count="2" type="stmt"/>
        </file>
        <file name="reducer.js" path="/Users/ozzycrane/Desktop/Development/personal/hightouch_challenge/src/containers/Menu/reducer.js">
          <metrics statements="18" coveredstatements="18" conditionals="10" coveredconditionals="10" methods="1" coveredmethods="1"/>
          <line num="5" count="3" type="stmt"/>
          <line num="23" count="3" type="cond" truecount="1" falsecount="0"/>
          <line num="24" count="12" type="stmt"/>
          <line num="25" count="12" type="stmt"/>
          <line num="26" count="12" type="cond" truecount="5" falsecount="0"/>
          <line num="29" count="1" type="stmt"/>
          <line num="33" count="3" type="stmt"/>
          <line num="34" count="3" type="stmt"/>
          <line num="39" count="4" type="stmt"/>
          <line num="40" count="4" type="cond" truecount="2" falsecount="0"/>
          <line num="41" count="3" type="stmt"/>
          <line num="44" count="1" type="stmt"/>
          <line num="49" count="2" type="stmt"/>
          <line num="50" count="2" type="cond" truecount="2" falsecount="0"/>
          <line num="51" count="1" type="stmt"/>
          <line num="55" count="1" type="stmt"/>
          <line num="58" count="1" type="stmt"/>
          <line num="64" count="2" type="stmt"/>
        </file>
        <file name="types.js" path="/Users/ozzycrane/Desktop/Development/personal/hightouch_challenge/src/containers/Menu/types.js">
          <metrics statements="4" coveredstatements="4" conditionals="0" coveredconditionals="0" methods="0" coveredmethods="0"/>
          <line num="2" count="3" type="stmt"/>
          <line num="3" count="3" type="stmt"/>
          <line num="4" count="3" type="stmt"/>
          <line num="5" count="3" type="stmt"/>
        </file>
        <file name="utils.js" path="/Users/ozzycrane/Desktop/Development/personal/hightouch_challenge/src/containers/Menu/utils.js">
          <metrics statements="22" coveredstatements="22" conditionals="8" coveredconditionals="6" methods="9" coveredmethods="9"/>
          <line num="6" count="3" type="stmt"/>
          <line num="8" count="105" type="cond" truecount="1" falsecount="1"/>
          <line num="11" count="105" type="stmt"/>
          <line num="19" count="105" type="cond" truecount="2" falsecount="0"/>
          <line num="23" count="89" type="stmt"/>
          <line num="25" count="59" type="stmt"/>
          <line num="30" count="3" type="stmt"/>
          <line num="32" count="8" type="cond" truecount="1" falsecount="1"/>
          <line num="33" count="14" type="stmt"/>
          <line num="37" count="3" type="stmt"/>
          <line num="38" count="5" type="stmt"/>
          <line num="39" count="5" type="stmt"/>
          <line num="40" count="8" type="stmt"/>
          <line num="42" count="5" type="stmt"/>
          <line num="51" count="3" type="stmt"/>
          <line num="53" count="5" type="stmt"/>
          <line num="55" count="5" type="stmt"/>
          <line num="56" count="5" type="stmt"/>
          <line num="57" count="2" type="stmt"/>
          <line num="58" count="8" type="cond" truecount="2" falsecount="0"/>
          <line num="59" count="2" type="stmt"/>
          <line num="63" count="5" type="stmt"/>
        </file>
      </package>
    </metrics>
  </project>
</coverage>
