<?xml version="1.0" encoding="UTF-8"?>
<coverage generated="1496356642588" clover="3.2.0">
  <project timestamp="1496356642588" name="All files">
    <metrics statements="46" coveredstatements="26" conditionals="12" coveredconditionals="7" methods="20" coveredmethods="7" elements="78" coveredelements="40" complexity="0" loc="46" ncloc="46" packages="9" files="9" classes="9">
      <package name="src">
        <metrics statements="2" coveredstatements="2" conditionals="0" coveredconditionals="0" methods="1" coveredmethods="1"/>
        <file name="index.js" path="/Users/ozzycrane/Desktop/Development/personal/hightouch_challenge/src/index.js">
          <metrics statements="2" coveredstatements="2" conditionals="0" coveredconditionals="0" methods="1" coveredmethods="1"/>
          <line num="6" count="1" type="stmt"/>
          <line num="7" count="1" type="stmt"/>
        </file>
      </package>
      <package name="src.components.OptionsBar">
        <metrics statements="5" coveredstatements="2" conditionals="2" coveredconditionals="0" methods="3" coveredmethods="0"/>
        <file name="index.js" path="/Users/ozzycrane/Desktop/Development/personal/hightouch_challenge/src/components/OptionsBar/index.js">
          <metrics statements="5" coveredstatements="2" conditionals="2" coveredconditionals="0" methods="3" coveredmethods="0"/>
          <line num="5" count="1" type="stmt"/>
          <line num="11" count="1" type="stmt"/>
          <line num="13" count="0" type="cond" truecount="0" falsecount="2"/>
          <line num="19" count="0" type="stmt"/>
          <line num="21" count="0" type="stmt"/>
        </file>
      </package>
      <package name="src.components.Section">
        <metrics statements="1" coveredstatements="1" conditionals="0" coveredconditionals="0" methods="0" coveredmethods="0"/>
        <file name="index.js" path="/Users/ozzycrane/Desktop/Development/personal/hightouch_challenge/src/components/Section/index.js">
          <metrics statements="1" coveredstatements="1" conditionals="0" coveredconditionals="0" methods="0" coveredmethods="0"/>
          <line num="4" count="1" type="stmt"/>
        </file>
      </package>
      <package name="src.components.TreeListView">
        <metrics statements="10" coveredstatements="8" conditionals="6" coveredconditionals="6" methods="5" coveredmethods="4"/>
        <file name="index.js" path="/Users/ozzycrane/Desktop/Development/personal/hightouch_challenge/src/components/TreeListView/index.js">
          <metrics statements="10" coveredstatements="8" conditionals="6" coveredconditionals="6" methods="5" coveredmethods="4"/>
          <line num="11" count="0" type="stmt"/>
          <line num="12" count="0" type="stmt"/>
          <line num="18" count="5" type="cond" truecount="4" falsecount="0"/>
          <line num="19" count="3" type="stmt"/>
          <line num="25" count="2" type="stmt"/>
          <line num="28" count="2" type="stmt"/>
          <line num="34" count="3" type="stmt"/>
          <line num="35" count="3" type="stmt"/>
          <line num="43" count="2" type="stmt"/>
          <line num="47" count="2" type="stmt"/>
        </file>
      </package>
      <package name="src.components.TreeListView.NodeCell">
        <metrics statements="9" coveredstatements="8" conditionals="2" coveredconditionals="1" methods="3" coveredmethods="2"/>
        <file name="index.js" path="/Users/ozzycrane/Desktop/Development/personal/hightouch_challenge/src/components/TreeListView/NodeCell/index.js">
          <metrics statements="9" coveredstatements="8" conditionals="2" coveredconditionals="1" methods="3" coveredmethods="2"/>
          <line num="6" count="3" type="stmt"/>
          <line num="7" count="1" type="stmt"/>
          <line num="14" count="3" type="stmt"/>
          <line num="21" count="3" type="stmt"/>
          <line num="25" count="3" type="stmt"/>
          <line num="26" count="2" type="stmt"/>
          <line num="40" count="3" type="stmt"/>
          <line num="51" count="3" type="stmt"/>
          <line num="53" count="0" type="stmt"/>
        </file>
      </package>
      <package name="src.components.common">
        <metrics statements="0" coveredstatements="0" conditionals="0" coveredconditionals="0" methods="0" coveredmethods="0"/>
        <file name="index.js" path="/Users/ozzycrane/Desktop/Development/personal/hightouch_challenge/src/components/common/index.js">
          <metrics statements="0" coveredstatements="0" conditionals="0" coveredconditionals="0" methods="0" coveredmethods="0"/>
        </file>
      </package>
      <package name="src.components.common.Card">
        <metrics statements="4" coveredstatements="2" conditionals="0" coveredconditionals="0" methods="1" coveredmethods="0"/>
        <file name="index.js" path="/Users/ozzycrane/Desktop/Development/personal/hightouch_challenge/src/components/common/Card/index.js">
          <metrics statements="4" coveredstatements="2" conditionals="0" coveredconditionals="0" methods="1" coveredmethods="0"/>
          <line num="4" count="3" type="stmt"/>
          <line num="21" count="3" type="stmt"/>
          <line num="22" count="0" type="stmt"/>
          <line num="23" count="0" type="stmt"/>
        </file>
      </package>
      <package name="src.components.common.CardSection">
        <metrics statements="4" coveredstatements="2" conditionals="0" coveredconditionals="0" methods="1" coveredmethods="0"/>
        <file name="index.js" path="/Users/ozzycrane/Desktop/Development/personal/hightouch_challenge/src/components/common/CardSection/index.js">
          <metrics statements="4" coveredstatements="2" conditionals="0" coveredconditionals="0" methods="1" coveredmethods="0"/>
          <line num="4" count="3" type="stmt"/>
          <line num="16" count="3" type="stmt"/>
          <line num="17" count="0" type="stmt"/>
          <line num="18" count="0" type="stmt"/>
        </file>
      </package>
      <package name="src.containers.Menu">
        <metrics statements="11" coveredstatements="1" conditionals="2" coveredconditionals="0" methods="6" coveredmethods="0"/>
        <file name="index.js" path="/Users/ozzycrane/Desktop/Development/personal/hightouch_challenge/src/containers/Menu/index.js">
          <metrics statements="11" coveredstatements="1" conditionals="2" coveredconditionals="0" methods="6" coveredmethods="0"/>
          <line num="9" count="1" type="stmt"/>
          <line num="16" count="0" type="stmt"/>
          <line num="18" count="0" type="stmt"/>
          <line num="62" count="0" type="stmt"/>
          <line num="63" count="0" type="cond" truecount="0" falsecount="2"/>
          <line num="64" count="0" type="stmt"/>
          <line num="65" count="0" type="stmt"/>
          <line num="71" count="0" type="stmt"/>
          <line num="72" count="0" type="stmt"/>
          <line num="77" count="0" type="stmt"/>
          <line num="84" count="0" type="stmt"/>
        </file>
      </package>
    </metrics>
  </project>
</coverage>
