{"/Users/ozzycrane/Desktop/Development/personal/hightouch_challenge/src/index.js": {"path":"/Users/ozzycrane/Desktop/Development/personal/hightouch_challenge/src/index.js","statementMap":{"0":{"start":{"line":9,"column":12},"end":{"line":16,"column":1}},"1":{"start":{"line":10,"column":16},"end":{"line":10,"column":40}},"2":{"start":{"line":11,"column":2},"end":{"line":15,"column":4}}},"fnMap":{"0":{"name":"(anonymous_0)","decl":{"start":{"line":9,"column":12},"end":{"line":9,"column":13}},"loc":{"start":{"line":9,"column":18},"end":{"line":16,"column":1}},"line":9}},"branchMap":{},"s":{"0":1,"1":1,"2":1},"f":{"0":1},"b":{},"_coverageSchema":"332fd63041d2c1bcb487cc26dd0d5f7d97098a6c","hash":"a9f85e8e3d31d3e253d9b54f86a8ad031db699ef"}
,"/Users/ozzycrane/Desktop/Development/personal/hightouch_challenge/src/components/OptionsBar/index.js": {"path":"/Users/ozzycrane/Desktop/Development/personal/hightouch_challenge/src/components/OptionsBar/index.js","statementMap":{"0":{"start":{"line":6,"column":12},"end":{"line":10,"column":1}},"1":{"start":{"line":12,"column":16},"end":{"line":14,"column":1}},"2":{"start":{"line":19,"column":4},"end":{"line":31,"column":6}},"3":{"start":{"line":22,"column":10},"end":{"line":28,"column":12}},"4":{"start":{"line":35,"column":0},"end":{"line":39,"column":2}},"5":{"start":{"line":41,"column":0},"end":{"line":43,"column":2}}},"fnMap":{"0":{"name":"(anonymous_0)","decl":{"start":{"line":18,"column":2},"end":{"line":18,"column":3}},"loc":{"start":{"line":18,"column":11},"end":{"line":32,"column":3}},"line":18},"1":{"name":"(anonymous_1)","decl":{"start":{"line":21,"column":32},"end":{"line":21,"column":33}},"loc":{"start":{"line":22,"column":10},"end":{"line":28,"column":12}},"line":22}},"branchMap":{"0":{"loc":{"start":{"line":24,"column":19},"end":{"line":24,"column":72}},"type":"cond-expr","locations":[{"start":{"line":24,"column":57},"end":{"line":24,"column":62}},{"start":{"line":24,"column":65},"end":{"line":24,"column":72}}],"line":24}},"s":{"0":3,"1":3,"2":1,"3":0,"4":3,"5":3},"f":{"0":1,"1":0},"b":{"0":[0,0]},"_coverageSchema":"332fd63041d2c1bcb487cc26dd0d5f7d97098a6c","hash":"08836bd63e9728d7854bbb99601d6d236dc21676"}
,"/Users/ozzycrane/Desktop/Development/personal/hightouch_challenge/src/components/Section/index.js": {"path":"/Users/ozzycrane/Desktop/Development/personal/hightouch_challenge/src/components/Section/index.js","statementMap":{"0":{"start":{"line":4,"column":16},"end":{"line":8,"column":1}}},"fnMap":{},"branchMap":{},"s":{"0":2},"f":{},"b":{},"_coverageSchema":"332fd63041d2c1bcb487cc26dd0d5f7d97098a6c","hash":"31db44962d4d435301d271c4642184c785bf944d"}
,"/Users/ozzycrane/Desktop/Development/personal/hightouch_challenge/src/components/TreeListView/index.js": {"path":"/Users/ozzycrane/Desktop/Development/personal/hightouch_challenge/src/components/TreeListView/index.js","statementMap":{"0":{"start":{"line":9,"column":20},"end":{"line":15,"column":1}},"1":{"start":{"line":20,"column":4},"end":{"line":20,"column":33}},"2":{"start":{"line":26,"column":4},"end":{"line":30,"column":5}},"3":{"start":{"line":27,"column":6},"end":{"line":29,"column":8}},"4":{"start":{"line":33,"column":4},"end":{"line":39,"column":6}},"5":{"start":{"line":36,"column":40},"end":{"line":36,"column":62}},"6":{"start":{"line":43,"column":18},"end":{"line":43,"column":71}},"7":{"start":{"line":43,"column":49},"end":{"line":43,"column":70}},"8":{"start":{"line":44,"column":4},"end":{"line":48,"column":6}},"9":{"start":{"line":52,"column":0},"end":{"line":54,"column":2}},"10":{"start":{"line":56,"column":0},"end":{"line":58,"column":2}}},"fnMap":{"0":{"name":"(anonymous_0)","decl":{"start":{"line":19,"column":2},"end":{"line":19,"column":3}},"loc":{"start":{"line":19,"column":20},"end":{"line":21,"column":3}},"line":19},"1":{"name":"(anonymous_1)","decl":{"start":{"line":24,"column":2},"end":{"line":24,"column":3}},"loc":{"start":{"line":24,"column":19},"end":{"line":40,"column":3}},"line":24},"2":{"name":"(anonymous_2)","decl":{"start":{"line":36,"column":29},"end":{"line":36,"column":30}},"loc":{"start":{"line":36,"column":40},"end":{"line":36,"column":62}},"line":36},"3":{"name":"(anonymous_3)","decl":{"start":{"line":42,"column":2},"end":{"line":42,"column":3}},"loc":{"start":{"line":42,"column":11},"end":{"line":49,"column":3}},"line":42},"4":{"name":"(anonymous_4)","decl":{"start":{"line":43,"column":39},"end":{"line":43,"column":40}},"loc":{"start":{"line":43,"column":49},"end":{"line":43,"column":70}},"line":43}},"branchMap":{"0":{"loc":{"start":{"line":26,"column":4},"end":{"line":30,"column":5}},"type":"if","locations":[{"start":{"line":26,"column":4},"end":{"line":30,"column":5}},{"start":{"line":26,"column":4},"end":{"line":30,"column":5}}],"line":26},"1":{"loc":{"start":{"line":26,"column":8},"end":{"line":26,"column":60}},"type":"binary-expr","locations":[{"start":{"line":26,"column":8},"end":{"line":26,"column":35}},{"start":{"line":26,"column":39},"end":{"line":26,"column":60}}],"line":26},"2":{"loc":{"start":{"line":46,"column":9},"end":{"line":46,"column":73}},"type":"cond-expr","locations":[{"start":{"line":46,"column":24},"end":{"line":46,"column":29}},{"start":{"line":46,"column":32},"end":{"line":46,"column":73}}],"line":46}},"s":{"0":3,"1":0,"2":5,"3":3,"4":2,"5":2,"6":3,"7":3,"8":3,"9":3,"10":3},"f":{"0":0,"1":5,"2":2,"3":3,"4":3},"b":{"0":[3,2],"1":[5,4],"2":[2,1]},"_coverageSchema":"332fd63041d2c1bcb487cc26dd0d5f7d97098a6c","hash":"8e3b7645ad74263e7249f2c81916015e9f983266"}
,"/Users/ozzycrane/Desktop/Development/personal/hightouch_challenge/src/components/TreeListView/NodeCell/index.js": {"path":"/Users/ozzycrane/Desktop/Development/personal/hightouch_challenge/src/components/TreeListView/NodeCell/index.js","statementMap":{"0":{"start":{"line":6,"column":28},"end":{"line":12,"column":1}},"1":{"start":{"line":7,"column":2},"end":{"line":11,"column":4}},"2":{"start":{"line":14,"column":0},"end":{"line":19,"column":2}},"3":{"start":{"line":21,"column":0},"end":{"line":23,"column":2}},"4":{"start":{"line":25,"column":17},"end":{"line":38,"column":1}},"5":{"start":{"line":26,"column":2},"end":{"line":37,"column":4}},"6":{"start":{"line":40,"column":0},"end":{"line":51,"column":2}},"7":{"start":{"line":53,"column":0},"end":{"line":56,"column":2}},"8":{"start":{"line":55,"column":25},"end":{"line":55,"column":42}}},"fnMap":{"0":{"name":"(anonymous_0)","decl":{"start":{"line":6,"column":28},"end":{"line":6,"column":29}},"loc":{"start":{"line":6,"column":46},"end":{"line":12,"column":1}},"line":6},"1":{"name":"(anonymous_1)","decl":{"start":{"line":25,"column":17},"end":{"line":25,"column":18}},"loc":{"start":{"line":25,"column":54},"end":{"line":38,"column":1}},"line":25},"2":{"name":"(anonymous_2)","decl":{"start":{"line":55,"column":15},"end":{"line":55,"column":16}},"loc":{"start":{"line":55,"column":25},"end":{"line":55,"column":42}},"line":55}},"branchMap":{"0":{"loc":{"start":{"line":35,"column":7},"end":{"line":35,"column":58}},"type":"binary-expr","locations":[{"start":{"line":35,"column":7},"end":{"line":35,"column":15}},{"start":{"line":35,"column":19},"end":{"line":35,"column":58}}],"line":35}},"s":{"0":4,"1":1,"2":4,"3":4,"4":4,"5":2,"6":4,"7":4,"8":0},"f":{"0":1,"1":2,"2":0},"b":{"0":[2,0]},"_coverageSchema":"332fd63041d2c1bcb487cc26dd0d5f7d97098a6c","hash":"234b061d88e42b53df463e0f472fe9f77d0c86d9"}
,"/Users/ozzycrane/Desktop/Development/personal/hightouch_challenge/src/components/common/index.js": {"path":"/Users/ozzycrane/Desktop/Development/personal/hightouch_challenge/src/components/common/index.js","statementMap":{},"fnMap":{},"branchMap":{},"s":{},"f":{},"b":{},"_coverageSchema":"332fd63041d2c1bcb487cc26dd0d5f7d97098a6c","hash":"f728089f7ff2574ebd7e8a723f1e763134c161b9"}
,"/Users/ozzycrane/Desktop/Development/personal/hightouch_challenge/src/components/common/Card/index.js": {"path":"/Users/ozzycrane/Desktop/Development/personal/hightouch_challenge/src/components/common/Card/index.js","statementMap":{"0":{"start":{"line":4,"column":15},"end":{"line":19,"column":1}},"1":{"start":{"line":21,"column":13},"end":{"line":30,"column":1}},"2":{"start":{"line":22,"column":29},"end":{"line":22,"column":35}},"3":{"start":{"line":23,"column":2},"end":{"line":29,"column":4}}},"fnMap":{"0":{"name":"(anonymous_0)","decl":{"start":{"line":21,"column":13},"end":{"line":21,"column":14}},"loc":{"start":{"line":21,"column":24},"end":{"line":30,"column":1}},"line":21}},"branchMap":{},"s":{"0":4,"1":4,"2":0,"3":0},"f":{"0":0},"b":{},"_coverageSchema":"332fd63041d2c1bcb487cc26dd0d5f7d97098a6c","hash":"5820dc9f9e3474d72162887355aa6bc18e669088"}
,"/Users/ozzycrane/Desktop/Development/personal/hightouch_challenge/src/components/common/CardSection/index.js": {"path":"/Users/ozzycrane/Desktop/Development/personal/hightouch_challenge/src/components/common/CardSection/index.js","statementMap":{"0":{"start":{"line":4,"column":15},"end":{"line":14,"column":1}},"1":{"start":{"line":16,"column":20},"end":{"line":23,"column":1}},"2":{"start":{"line":17,"column":29},"end":{"line":17,"column":35}},"3":{"start":{"line":18,"column":2},"end":{"line":22,"column":4}}},"fnMap":{"0":{"name":"(anonymous_0)","decl":{"start":{"line":16,"column":20},"end":{"line":16,"column":21}},"loc":{"start":{"line":16,"column":31},"end":{"line":23,"column":1}},"line":16}},"branchMap":{},"s":{"0":4,"1":4,"2":0,"3":0},"f":{"0":0},"b":{},"_coverageSchema":"332fd63041d2c1bcb487cc26dd0d5f7d97098a6c","hash":"a25e98735748490f64913b179e45b8ab79c47938"}
,"/Users/ozzycrane/Desktop/Development/personal/hightouch_challenge/src/containers/Menu/actions.js": {"path":"/Users/ozzycrane/Desktop/Development/personal/hightouch_challenge/src/containers/Menu/actions.js","statementMap":{"0":{"start":{"line":4,"column":33},"end":{"line":9,"column":1}},"1":{"start":{"line":5,"column":2},"end":{"line":8,"column":4}},"2":{"start":{"line":12,"column":38},"end":{"line":17,"column":1}},"3":{"start":{"line":13,"column":2},"end":{"line":16,"column":4}},"4":{"start":{"line":21,"column":28},"end":{"line":27,"column":1}},"5":{"start":{"line":24,"column":2},"end":{"line":26,"column":4}},"6":{"start":{"line":29,"column":31},"end":{"line":34,"column":1}},"7":{"start":{"line":30,"column":2},"end":{"line":33,"column":4}}},"fnMap":{"0":{"name":"(anonymous_0)","decl":{"start":{"line":4,"column":33},"end":{"line":4,"column":34}},"loc":{"start":{"line":4,"column":45},"end":{"line":9,"column":1}},"line":4},"1":{"name":"(anonymous_1)","decl":{"start":{"line":12,"column":38},"end":{"line":12,"column":39}},"loc":{"start":{"line":12,"column":50},"end":{"line":17,"column":1}},"line":12},"2":{"name":"(anonymous_2)","decl":{"start":{"line":21,"column":28},"end":{"line":21,"column":29}},"loc":{"start":{"line":21,"column":34},"end":{"line":27,"column":1}},"line":21},"3":{"name":"(anonymous_3)","decl":{"start":{"line":29,"column":31},"end":{"line":29,"column":32}},"loc":{"start":{"line":29,"column":47},"end":{"line":34,"column":1}},"line":29}},"branchMap":{},"s":{"0":3,"1":4,"2":3,"3":2,"4":3,"5":3,"6":3,"7":1},"f":{"0":4,"1":2,"2":3,"3":1},"b":{},"_coverageSchema":"332fd63041d2c1bcb487cc26dd0d5f7d97098a6c","hash":"b607bc82beaa672da9c6fccbb5150ca03b0fb7ef"}
,"/Users/ozzycrane/Desktop/Development/personal/hightouch_challenge/src/containers/Menu/index.js": {"path":"/Users/ozzycrane/Desktop/Development/personal/hightouch_challenge/src/containers/Menu/index.js","statementMap":{"0":{"start":{"line":16,"column":4},"end":{"line":16,"column":30}},"1":{"start":{"line":20,"column":25},"end":{"line":20,"column":78}},"2":{"start":{"line":20,"column":57},"end":{"line":20,"column":77}},"3":{"start":{"line":21,"column":4},"end":{"line":21,"column":71}},"4":{"start":{"line":25,"column":4},"end":{"line":32,"column":5}},"5":{"start":{"line":28,"column":21},"end":{"line":28,"column":77}},"6":{"start":{"line":28,"column":59},"end":{"line":28,"column":76}},"7":{"start":{"line":29,"column":6},"end":{"line":31,"column":7}},"8":{"start":{"line":30,"column":8},"end":{"line":30,"column":46}},"9":{"start":{"line":36,"column":4},"end":{"line":36,"column":47}},"10":{"start":{"line":40,"column":4},"end":{"line":56,"column":6}},"11":{"start":{"line":47,"column":52},"end":{"line":47,"column":62}},"12":{"start":{"line":60,"column":0},"end":{"line":88,"column":2}},"13":{"start":{"line":91,"column":0},"end":{"line":97,"column":2}},"14":{"start":{"line":94,"column":22},"end":{"line":94,"column":60}},"15":{"start":{"line":95,"column":27},"end":{"line":95,"column":70}},"16":{"start":{"line":96,"column":32},"end":{"line":96,"column":80}},"17":{"start":{"line":101,"column":31},"end":{"line":110,"column":1}},"18":{"start":{"line":102,"column":16},"end":{"line":102,"column":44}},"19":{"start":{"line":103,"column":23},"end":{"line":103,"column":52}},"20":{"start":{"line":104,"column":2},"end":{"line":109,"column":4}},"21":{"start":{"line":112,"column":27},"end":{"line":117,"column":1}}},"fnMap":{"0":{"name":"(anonymous_0)","decl":{"start":{"line":14,"column":2},"end":{"line":14,"column":3}},"loc":{"start":{"line":14,"column":22},"end":{"line":17,"column":3}},"line":14},"1":{"name":"(anonymous_1)","decl":{"start":{"line":19,"column":2},"end":{"line":19,"column":3}},"loc":{"start":{"line":19,"column":25},"end":{"line":22,"column":3}},"line":19},"2":{"name":"(anonymous_2)","decl":{"start":{"line":20,"column":47},"end":{"line":20,"column":48}},"loc":{"start":{"line":20,"column":57},"end":{"line":20,"column":77}},"line":20},"3":{"name":"(anonymous_3)","decl":{"start":{"line":24,"column":2},"end":{"line":24,"column":3}},"loc":{"start":{"line":24,"column":20},"end":{"line":33,"column":3}},"line":24},"4":{"name":"(anonymous_4)","decl":{"start":{"line":28,"column":51},"end":{"line":28,"column":52}},"loc":{"start":{"line":28,"column":59},"end":{"line":28,"column":76}},"line":28},"5":{"name":"(anonymous_5)","decl":{"start":{"line":35,"column":2},"end":{"line":35,"column":3}},"loc":{"start":{"line":35,"column":19},"end":{"line":37,"column":3}},"line":35},"6":{"name":"(anonymous_6)","decl":{"start":{"line":39,"column":2},"end":{"line":39,"column":3}},"loc":{"start":{"line":39,"column":11},"end":{"line":57,"column":3}},"line":39},"7":{"name":"(anonymous_7)","decl":{"start":{"line":47,"column":42},"end":{"line":47,"column":43}},"loc":{"start":{"line":47,"column":52},"end":{"line":47,"column":62}},"line":47},"8":{"name":"(anonymous_8)","decl":{"start":{"line":94,"column":16},"end":{"line":94,"column":17}},"loc":{"start":{"line":94,"column":22},"end":{"line":94,"column":60}},"line":94},"9":{"name":"(anonymous_9)","decl":{"start":{"line":95,"column":21},"end":{"line":95,"column":22}},"loc":{"start":{"line":95,"column":27},"end":{"line":95,"column":70}},"line":95},"10":{"name":"(anonymous_10)","decl":{"start":{"line":96,"column":26},"end":{"line":96,"column":27}},"loc":{"start":{"line":96,"column":32},"end":{"line":96,"column":80}},"line":96},"11":{"name":"(anonymous_11)","decl":{"start":{"line":101,"column":31},"end":{"line":101,"column":32}},"loc":{"start":{"line":101,"column":42},"end":{"line":110,"column":1}},"line":101}},"branchMap":{"0":{"loc":{"start":{"line":25,"column":4},"end":{"line":32,"column":5}},"type":"if","locations":[{"start":{"line":25,"column":4},"end":{"line":32,"column":5}},{"start":{"line":25,"column":4},"end":{"line":32,"column":5}}],"line":25},"1":{"loc":{"start":{"line":29,"column":6},"end":{"line":31,"column":7}},"type":"if","locations":[{"start":{"line":29,"column":6},"end":{"line":31,"column":7}},{"start":{"line":29,"column":6},"end":{"line":31,"column":7}}],"line":29},"2":{"loc":{"start":{"line":108,"column":27},"end":{"line":108,"column":68}},"type":"cond-expr","locations":[{"start":{"line":108,"column":42},"end":{"line":108,"column":63}},{"start":{"line":108,"column":66},"end":{"line":108,"column":68}}],"line":108}},"s":{"0":0,"1":0,"2":0,"3":0,"4":0,"5":0,"6":0,"7":0,"8":0,"9":0,"10":1,"11":0,"12":2,"13":2,"14":0,"15":0,"16":0,"17":2,"18":3,"19":3,"20":3,"21":2},"f":{"0":0,"1":0,"2":0,"3":0,"4":0,"5":0,"6":1,"7":0,"8":0,"9":0,"10":0,"11":3},"b":{"0":[0,0],"1":[0,0],"2":[0,3]},"_coverageSchema":"332fd63041d2c1bcb487cc26dd0d5f7d97098a6c","hash":"a6262a6a1c57362dcde19aa4aa1e39697c0a642f"}
,"/Users/ozzycrane/Desktop/Development/personal/hightouch_challenge/src/containers/Menu/reducer.js": {"path":"/Users/ozzycrane/Desktop/Development/personal/hightouch_challenge/src/containers/Menu/reducer.js","statementMap":{"0":{"start":{"line":5,"column":28},"end":{"line":12,"column":1}},"1":{"start":{"line":23,"column":20},"end":{"line":66,"column":1}},"2":{"start":{"line":24,"column":15},"end":{"line":24,"column":26}},"3":{"start":{"line":25,"column":2},"end":{"line":25,"column":22}},"4":{"start":{"line":26,"column":2},"end":{"line":65,"column":3}},"5":{"start":{"line":29,"column":6},"end":{"line":29,"column":63}},"6":{"start":{"line":33,"column":25},"end":{"line":33,"column":61}},"7":{"start":{"line":34,"column":6},"end":{"line":34,"column":59}},"8":{"start":{"line":39,"column":27},"end":{"line":39,"column":69}},"9":{"start":{"line":40,"column":6},"end":{"line":45,"column":7}},"10":{"start":{"line":41,"column":8},"end":{"line":41,"column":84}},"11":{"start":{"line":44,"column":8},"end":{"line":44,"column":21}},"12":{"start":{"line":49,"column":30},"end":{"line":49,"column":72}},"13":{"start":{"line":50,"column":6},"end":{"line":59,"column":7}},"14":{"start":{"line":51,"column":25},"end":{"line":54,"column":9}},"15":{"start":{"line":55,"column":8},"end":{"line":55,"column":53}},"16":{"start":{"line":58,"column":8},"end":{"line":58,"column":21}},"17":{"start":{"line":64,"column":6},"end":{"line":64,"column":19}}},"fnMap":{"0":{"name":"(anonymous_0)","decl":{"start":{"line":23,"column":20},"end":{"line":23,"column":21}},"loc":{"start":{"line":23,"column":54},"end":{"line":66,"column":1}},"line":23}},"branchMap":{"0":{"loc":{"start":{"line":23,"column":21},"end":{"line":23,"column":41}},"type":"default-arg","locations":[{"start":{"line":23,"column":29},"end":{"line":23,"column":41}}],"line":23},"1":{"loc":{"start":{"line":26,"column":2},"end":{"line":65,"column":3}},"type":"switch","locations":[{"start":{"line":28,"column":4},"end":{"line":29,"column":63}},{"start":{"line":32,"column":4},"end":{"line":34,"column":59}},{"start":{"line":37,"column":4},"end":{"line":45,"column":7}},{"start":{"line":48,"column":4},"end":{"line":59,"column":7}},{"start":{"line":63,"column":4},"end":{"line":64,"column":19}}],"line":26},"2":{"loc":{"start":{"line":40,"column":6},"end":{"line":45,"column":7}},"type":"if","locations":[{"start":{"line":40,"column":6},"end":{"line":45,"column":7}},{"start":{"line":40,"column":6},"end":{"line":45,"column":7}}],"line":40},"3":{"loc":{"start":{"line":50,"column":6},"end":{"line":59,"column":7}},"type":"if","locations":[{"start":{"line":50,"column":6},"end":{"line":59,"column":7}},{"start":{"line":50,"column":6},"end":{"line":59,"column":7}}],"line":50}},"s":{"0":3,"1":3,"2":12,"3":12,"4":12,"5":1,"6":3,"7":3,"8":4,"9":4,"10":3,"11":1,"12":2,"13":2,"14":1,"15":1,"16":1,"17":2},"f":{"0":12},"b":{"0":[1],"1":[1,3,4,2,2],"2":[3,1],"3":[1,1]},"_coverageSchema":"332fd63041d2c1bcb487cc26dd0d5f7d97098a6c","hash":"e029b4977eeb132e6e86819e0274e1f3cd7a6b9e"}
,"/Users/ozzycrane/Desktop/Development/personal/hightouch_challenge/src/containers/Menu/types.js": {"path":"/Users/ozzycrane/Desktop/Development/personal/hightouch_challenge/src/containers/Menu/types.js","statementMap":{"0":{"start":{"line":2,"column":36},"end":{"line":2,"column":63}},"1":{"start":{"line":3,"column":41},"end":{"line":3,"column":73}},"2":{"start":{"line":4,"column":30},"end":{"line":4,"column":51}},"3":{"start":{"line":5,"column":35},"end":{"line":5,"column":61}}},"fnMap":{},"branchMap":{},"s":{"0":3,"1":3,"2":3,"3":3},"f":{},"b":{},"_coverageSchema":"332fd63041d2c1bcb487cc26dd0d5f7d97098a6c","hash":"52a516842f89148b9e3768f82a064194e0f12d90"}
,"/Users/ozzycrane/Desktop/Development/personal/hightouch_challenge/src/containers/Menu/utils.js": {"path":"/Users/ozzycrane/Desktop/Development/personal/hightouch_challenge/src/containers/Menu/utils.js","statementMap":{"0":{"start":{"line":6,"column":31},"end":{"line":26,"column":1}},"1":{"start":{"line":8,"column":2},"end":{"line":8,"column":27}},"2":{"start":{"line":8,"column":17},"end":{"line":8,"column":27}},"3":{"start":{"line":11,"column":18},"end":{"line":16,"column":3}},"4":{"start":{"line":19,"column":2},"end":{"line":19,"column":62}},"5":{"start":{"line":19,"column":45},"end":{"line":19,"column":62}},"6":{"start":{"line":23,"column":2},"end":{"line":23,"column":86}},"7":{"start":{"line":23,"column":62},"end":{"line":23,"column":84}},"8":{"start":{"line":25,"column":2},"end":{"line":25,"column":19}},"9":{"start":{"line":30,"column":27},"end":{"line":34,"column":1}},"10":{"start":{"line":32,"column":2},"end":{"line":32,"column":23}},"11":{"start":{"line":32,"column":13},"end":{"line":32,"column":23}},"12":{"start":{"line":33,"column":2},"end":{"line":33,"column":59}},"13":{"start":{"line":33,"column":32},"end":{"line":33,"column":57}},"14":{"start":{"line":37,"column":32},"end":{"line":43,"column":1}},"15":{"start":{"line":38,"column":17},"end":{"line":38,"column":19}},"16":{"start":{"line":39,"column":2},"end":{"line":41,"column":5}},"17":{"start":{"line":40,"column":4},"end":{"line":40,"column":46}},"18":{"start":{"line":42,"column":2},"end":{"line":42,"column":17}},"19":{"start":{"line":51,"column":29},"end":{"line":64,"column":1}},"20":{"start":{"line":53,"column":20},"end":{"line":53,"column":43}},"21":{"start":{"line":55,"column":17},"end":{"line":55,"column":19}},"22":{"start":{"line":56,"column":2},"end":{"line":62,"column":5}},"23":{"start":{"line":57,"column":4},"end":{"line":61,"column":7}},"24":{"start":{"line":58,"column":6},"end":{"line":60,"column":7}},"25":{"start":{"line":59,"column":8},"end":{"line":59,"column":29}},"26":{"start":{"line":63,"column":2},"end":{"line":63,"column":18}}},"fnMap":{"0":{"name":"(anonymous_0)","decl":{"start":{"line":6,"column":31},"end":{"line":6,"column":32}},"loc":{"start":{"line":6,"column":45},"end":{"line":26,"column":1}},"line":6},"1":{"name":"(anonymous_1)","decl":{"start":{"line":23,"column":51},"end":{"line":23,"column":52}},"loc":{"start":{"line":23,"column":62},"end":{"line":23,"column":84}},"line":23},"2":{"name":"(anonymous_2)","decl":{"start":{"line":30,"column":27},"end":{"line":30,"column":28}},"loc":{"start":{"line":30,"column":37},"end":{"line":34,"column":1}},"line":30},"3":{"name":"(anonymous_3)","decl":{"start":{"line":33,"column":18},"end":{"line":33,"column":19}},"loc":{"start":{"line":33,"column":32},"end":{"line":33,"column":57}},"line":33},"4":{"name":"(anonymous_4)","decl":{"start":{"line":37,"column":32},"end":{"line":37,"column":33}},"loc":{"start":{"line":37,"column":42},"end":{"line":43,"column":1}},"line":37},"5":{"name":"(anonymous_5)","decl":{"start":{"line":39,"column":15},"end":{"line":39,"column":16}},"loc":{"start":{"line":39,"column":25},"end":{"line":41,"column":3}},"line":39},"6":{"name":"(anonymous_6)","decl":{"start":{"line":51,"column":29},"end":{"line":51,"column":30}},"loc":{"start":{"line":51,"column":49},"end":{"line":64,"column":1}},"line":51},"7":{"name":"(anonymous_7)","decl":{"start":{"line":56,"column":18},"end":{"line":56,"column":19}},"loc":{"start":{"line":56,"column":26},"end":{"line":62,"column":3}},"line":56},"8":{"name":"(anonymous_8)","decl":{"start":{"line":57,"column":24},"end":{"line":57,"column":25}},"loc":{"start":{"line":57,"column":35},"end":{"line":61,"column":5}},"line":57}},"branchMap":{"0":{"loc":{"start":{"line":8,"column":2},"end":{"line":8,"column":27}},"type":"if","locations":[{"start":{"line":8,"column":2},"end":{"line":8,"column":27}},{"start":{"line":8,"column":2},"end":{"line":8,"column":27}}],"line":8},"1":{"loc":{"start":{"line":19,"column":2},"end":{"line":19,"column":62}},"type":"if","locations":[{"start":{"line":19,"column":2},"end":{"line":19,"column":62}},{"start":{"line":19,"column":2},"end":{"line":19,"column":62}}],"line":19},"2":{"loc":{"start":{"line":32,"column":2},"end":{"line":32,"column":23}},"type":"if","locations":[{"start":{"line":32,"column":2},"end":{"line":32,"column":23}},{"start":{"line":32,"column":2},"end":{"line":32,"column":23}}],"line":32},"3":{"loc":{"start":{"line":58,"column":6},"end":{"line":60,"column":7}},"type":"if","locations":[{"start":{"line":58,"column":6},"end":{"line":60,"column":7}},{"start":{"line":58,"column":6},"end":{"line":60,"column":7}}],"line":58}},"s":{"0":3,"1":105,"2":0,"3":105,"4":105,"5":46,"6":59,"7":89,"8":59,"9":3,"10":8,"11":0,"12":8,"13":14,"14":3,"15":5,"16":5,"17":8,"18":5,"19":3,"20":5,"21":5,"22":5,"23":2,"24":8,"25":2,"26":5},"f":{"0":105,"1":89,"2":8,"3":14,"4":5,"5":8,"6":5,"7":2,"8":8},"b":{"0":[0,105],"1":[46,59],"2":[0,8],"3":[2,6]},"_coverageSchema":"332fd63041d2c1bcb487cc26dd0d5f7d97098a6c","hash":"bd6ed106ad31985a583ef1e4c6bb350ac7de0401"}
}
