{"/Users/ozzycrane/Desktop/Development/personal/hightouch_challenge/src/index.js": {"path":"/Users/ozzycrane/Desktop/Development/personal/hightouch_challenge/src/index.js","statementMap":{"0":{"start":{"line":6,"column":12},"end":{"line":10,"column":1}},"1":{"start":{"line":7,"column":2},"end":{"line":9,"column":4}}},"fnMap":{"0":{"name":"(anonymous_0)","decl":{"start":{"line":6,"column":12},"end":{"line":6,"column":13}},"loc":{"start":{"line":6,"column":18},"end":{"line":10,"column":1}},"line":6}},"branchMap":{},"s":{"0":1,"1":1},"f":{"0":1},"b":{},"_coverageSchema":"332fd63041d2c1bcb487cc26dd0d5f7d97098a6c","hash":"a21adfa57951443f00eb03c6cb30684c4edadcaa"}
,"/Users/ozzycrane/Desktop/Development/personal/hightouch_challenge/src/components/OptionsBar/index.js": {"path":"/Users/ozzycrane/Desktop/Development/personal/hightouch_challenge/src/components/OptionsBar/index.js","statementMap":{"0":{"start":{"line":5,"column":12},"end":{"line":9,"column":1}},"1":{"start":{"line":11,"column":16},"end":{"line":14,"column":1}},"2":{"start":{"line":13,"column":32},"end":{"line":13,"column":66}},"3":{"start":{"line":19,"column":4},"end":{"line":23,"column":6}},"4":{"start":{"line":21,"column":44},"end":{"line":21,"column":134}}},"fnMap":{"0":{"name":"(anonymous_0)","decl":{"start":{"line":13,"column":21},"end":{"line":13,"column":22}},"loc":{"start":{"line":13,"column":32},"end":{"line":13,"column":66}},"line":13},"1":{"name":"(anonymous_1)","decl":{"start":{"line":18,"column":2},"end":{"line":18,"column":3}},"loc":{"start":{"line":18,"column":11},"end":{"line":24,"column":3}},"line":18},"2":{"name":"(anonymous_2)","decl":{"start":{"line":21,"column":32},"end":{"line":21,"column":33}},"loc":{"start":{"line":21,"column":44},"end":{"line":21,"column":134}},"line":21}},"branchMap":{"0":{"loc":{"start":{"line":13,"column":32},"end":{"line":13,"column":66}},"type":"cond-expr","locations":[{"start":{"line":13,"column":49},"end":{"line":13,"column":54}},{"start":{"line":13,"column":57},"end":{"line":13,"column":66}}],"line":13}},"s":{"0":1,"1":1,"2":0,"3":0,"4":0},"f":{"0":0,"1":0,"2":0},"b":{"0":[0,0]},"_coverageSchema":"332fd63041d2c1bcb487cc26dd0d5f7d97098a6c","hash":"9c6349a4003816345e343fe2a495d790f066453c"}
,"/Users/ozzycrane/Desktop/Development/personal/hightouch_challenge/src/components/Section/index.js": {"path":"/Users/ozzycrane/Desktop/Development/personal/hightouch_challenge/src/components/Section/index.js","statementMap":{"0":{"start":{"line":4,"column":16},"end":{"line":8,"column":1}}},"fnMap":{},"branchMap":{},"s":{"0":1},"f":{},"b":{},"_coverageSchema":"332fd63041d2c1bcb487cc26dd0d5f7d97098a6c","hash":"31db44962d4d435301d271c4642184c785bf944d"}
,"/Users/ozzycrane/Desktop/Development/personal/hightouch_challenge/src/components/TreeListView/index.js": {"path":"/Users/ozzycrane/Desktop/Development/personal/hightouch_challenge/src/components/TreeListView/index.js","statementMap":{"0":{"start":{"line":11,"column":4},"end":{"line":11,"column":28}},"1":{"start":{"line":12,"column":4},"end":{"line":12,"column":33}},"2":{"start":{"line":18,"column":4},"end":{"line":22,"column":5}},"3":{"start":{"line":19,"column":6},"end":{"line":21,"column":8}},"4":{"start":{"line":25,"column":4},"end":{"line":31,"column":6}},"5":{"start":{"line":28,"column":40},"end":{"line":28,"column":62}},"6":{"start":{"line":34,"column":18},"end":{"line":34,"column":71}},"7":{"start":{"line":34,"column":49},"end":{"line":34,"column":70}},"8":{"start":{"line":35,"column":4},"end":{"line":39,"column":6}},"9":{"start":{"line":43,"column":0},"end":{"line":45,"column":2}},"10":{"start":{"line":47,"column":0},"end":{"line":49,"column":2}}},"fnMap":{"0":{"name":"(anonymous_0)","decl":{"start":{"line":10,"column":2},"end":{"line":10,"column":3}},"loc":{"start":{"line":10,"column":20},"end":{"line":13,"column":3}},"line":10},"1":{"name":"(anonymous_1)","decl":{"start":{"line":16,"column":2},"end":{"line":16,"column":3}},"loc":{"start":{"line":16,"column":19},"end":{"line":32,"column":3}},"line":16},"2":{"name":"(anonymous_2)","decl":{"start":{"line":28,"column":29},"end":{"line":28,"column":30}},"loc":{"start":{"line":28,"column":40},"end":{"line":28,"column":62}},"line":28},"3":{"name":"(anonymous_3)","decl":{"start":{"line":33,"column":2},"end":{"line":33,"column":3}},"loc":{"start":{"line":33,"column":11},"end":{"line":40,"column":3}},"line":33},"4":{"name":"(anonymous_4)","decl":{"start":{"line":34,"column":39},"end":{"line":34,"column":40}},"loc":{"start":{"line":34,"column":49},"end":{"line":34,"column":70}},"line":34}},"branchMap":{"0":{"loc":{"start":{"line":18,"column":4},"end":{"line":22,"column":5}},"type":"if","locations":[{"start":{"line":18,"column":4},"end":{"line":22,"column":5}},{"start":{"line":18,"column":4},"end":{"line":22,"column":5}}],"line":18},"1":{"loc":{"start":{"line":18,"column":8},"end":{"line":18,"column":60}},"type":"binary-expr","locations":[{"start":{"line":18,"column":8},"end":{"line":18,"column":35}},{"start":{"line":18,"column":39},"end":{"line":18,"column":60}}],"line":18},"2":{"loc":{"start":{"line":37,"column":9},"end":{"line":37,"column":56}},"type":"cond-expr","locations":[{"start":{"line":37,"column":24},"end":{"line":37,"column":29}},{"start":{"line":37,"column":32},"end":{"line":37,"column":56}}],"line":37}},"s":{"0":0,"1":0,"2":5,"3":3,"4":2,"5":2,"6":3,"7":3,"8":3,"9":2,"10":2},"f":{"0":0,"1":5,"2":2,"3":3,"4":3},"b":{"0":[3,2],"1":[5,4],"2":[2,1]},"_coverageSchema":"332fd63041d2c1bcb487cc26dd0d5f7d97098a6c","hash":"b4a4a99e8cf66c0265f97a90d5fd7d4aacc64633"}
,"/Users/ozzycrane/Desktop/Development/personal/hightouch_challenge/src/components/TreeListView/NodeCell/index.js": {"path":"/Users/ozzycrane/Desktop/Development/personal/hightouch_challenge/src/components/TreeListView/NodeCell/index.js","statementMap":{"0":{"start":{"line":6,"column":28},"end":{"line":12,"column":1}},"1":{"start":{"line":7,"column":2},"end":{"line":11,"column":4}},"2":{"start":{"line":14,"column":0},"end":{"line":19,"column":2}},"3":{"start":{"line":21,"column":0},"end":{"line":23,"column":2}},"4":{"start":{"line":25,"column":17},"end":{"line":38,"column":1}},"5":{"start":{"line":26,"column":2},"end":{"line":37,"column":4}},"6":{"start":{"line":40,"column":0},"end":{"line":49,"column":2}},"7":{"start":{"line":51,"column":0},"end":{"line":54,"column":2}},"8":{"start":{"line":53,"column":25},"end":{"line":53,"column":42}}},"fnMap":{"0":{"name":"(anonymous_0)","decl":{"start":{"line":6,"column":28},"end":{"line":6,"column":29}},"loc":{"start":{"line":6,"column":46},"end":{"line":12,"column":1}},"line":6},"1":{"name":"(anonymous_1)","decl":{"start":{"line":25,"column":17},"end":{"line":25,"column":18}},"loc":{"start":{"line":25,"column":54},"end":{"line":38,"column":1}},"line":25},"2":{"name":"(anonymous_2)","decl":{"start":{"line":53,"column":15},"end":{"line":53,"column":16}},"loc":{"start":{"line":53,"column":25},"end":{"line":53,"column":42}},"line":53}},"branchMap":{"0":{"loc":{"start":{"line":35,"column":7},"end":{"line":35,"column":58}},"type":"binary-expr","locations":[{"start":{"line":35,"column":7},"end":{"line":35,"column":15}},{"start":{"line":35,"column":19},"end":{"line":35,"column":58}}],"line":35}},"s":{"0":3,"1":1,"2":3,"3":3,"4":3,"5":2,"6":3,"7":3,"8":0},"f":{"0":1,"1":2,"2":0},"b":{"0":[2,0]},"_coverageSchema":"332fd63041d2c1bcb487cc26dd0d5f7d97098a6c","hash":"24a95017d09d5af0355797673cf82be8a75b005a"}
,"/Users/ozzycrane/Desktop/Development/personal/hightouch_challenge/src/components/common/index.js": {"path":"/Users/ozzycrane/Desktop/Development/personal/hightouch_challenge/src/components/common/index.js","statementMap":{},"fnMap":{},"branchMap":{},"s":{},"f":{},"b":{},"_coverageSchema":"332fd63041d2c1bcb487cc26dd0d5f7d97098a6c","hash":"f728089f7ff2574ebd7e8a723f1e763134c161b9"}
,"/Users/ozzycrane/Desktop/Development/personal/hightouch_challenge/src/components/common/Card/index.js": {"path":"/Users/ozzycrane/Desktop/Development/personal/hightouch_challenge/src/components/common/Card/index.js","statementMap":{"0":{"start":{"line":4,"column":15},"end":{"line":19,"column":1}},"1":{"start":{"line":21,"column":13},"end":{"line":30,"column":1}},"2":{"start":{"line":22,"column":29},"end":{"line":22,"column":35}},"3":{"start":{"line":23,"column":2},"end":{"line":29,"column":4}}},"fnMap":{"0":{"name":"(anonymous_0)","decl":{"start":{"line":21,"column":13},"end":{"line":21,"column":14}},"loc":{"start":{"line":21,"column":24},"end":{"line":30,"column":1}},"line":21}},"branchMap":{},"s":{"0":3,"1":3,"2":0,"3":0},"f":{"0":0},"b":{},"_coverageSchema":"332fd63041d2c1bcb487cc26dd0d5f7d97098a6c","hash":"5820dc9f9e3474d72162887355aa6bc18e669088"}
,"/Users/ozzycrane/Desktop/Development/personal/hightouch_challenge/src/components/common/CardSection/index.js": {"path":"/Users/ozzycrane/Desktop/Development/personal/hightouch_challenge/src/components/common/CardSection/index.js","statementMap":{"0":{"start":{"line":4,"column":15},"end":{"line":14,"column":1}},"1":{"start":{"line":16,"column":20},"end":{"line":23,"column":1}},"2":{"start":{"line":17,"column":29},"end":{"line":17,"column":35}},"3":{"start":{"line":18,"column":2},"end":{"line":22,"column":4}}},"fnMap":{"0":{"name":"(anonymous_0)","decl":{"start":{"line":16,"column":20},"end":{"line":16,"column":21}},"loc":{"start":{"line":16,"column":31},"end":{"line":23,"column":1}},"line":16}},"branchMap":{},"s":{"0":3,"1":3,"2":0,"3":0},"f":{"0":0},"b":{},"_coverageSchema":"332fd63041d2c1bcb487cc26dd0d5f7d97098a6c","hash":"a25e98735748490f64913b179e45b8ab79c47938"}
,"/Users/ozzycrane/Desktop/Development/personal/hightouch_challenge/src/containers/Menu/index.js": {"path":"/Users/ozzycrane/Desktop/Development/personal/hightouch_challenge/src/containers/Menu/index.js","statementMap":{"0":{"start":{"line":9,"column":21},"end":{"line":12,"column":1}},"1":{"start":{"line":16,"column":4},"end":{"line":16,"column":17}},"2":{"start":{"line":18,"column":4},"end":{"line":58,"column":6}},"3":{"start":{"line":62,"column":19},"end":{"line":62,"column":21}},"4":{"start":{"line":63,"column":4},"end":{"line":63,"column":109}},"5":{"start":{"line":63,"column":41},"end":{"line":63,"column":106}},"6":{"start":{"line":63,"column":68},"end":{"line":63,"column":106}},"7":{"start":{"line":64,"column":4},"end":{"line":64,"column":26}},"8":{"start":{"line":65,"column":4},"end":{"line":67,"column":7}},"9":{"start":{"line":71,"column":4},"end":{"line":71,"column":22}},"10":{"start":{"line":72,"column":4},"end":{"line":74,"column":7}},"11":{"start":{"line":77,"column":4},"end":{"line":92,"column":6}},"12":{"start":{"line":84,"column":52},"end":{"line":84,"column":62}}},"fnMap":{"0":{"name":"(anonymous_0)","decl":{"start":{"line":15,"column":2},"end":{"line":15,"column":3}},"loc":{"start":{"line":15,"column":21},"end":{"line":59,"column":3}},"line":15},"1":{"name":"(anonymous_1)","decl":{"start":{"line":60,"column":2},"end":{"line":60,"column":3}},"loc":{"start":{"line":60,"column":25},"end":{"line":68,"column":3}},"line":60},"2":{"name":"(anonymous_2)","decl":{"start":{"line":63,"column":29},"end":{"line":63,"column":30}},"loc":{"start":{"line":63,"column":39},"end":{"line":63,"column":107}},"line":63},"3":{"name":"(anonymous_3)","decl":{"start":{"line":70,"column":2},"end":{"line":70,"column":3}},"loc":{"start":{"line":70,"column":20},"end":{"line":75,"column":3}},"line":70},"4":{"name":"(anonymous_4)","decl":{"start":{"line":76,"column":2},"end":{"line":76,"column":3}},"loc":{"start":{"line":76,"column":11},"end":{"line":93,"column":3}},"line":76},"5":{"name":"(anonymous_5)","decl":{"start":{"line":84,"column":42},"end":{"line":84,"column":43}},"loc":{"start":{"line":84,"column":52},"end":{"line":84,"column":62}},"line":84}},"branchMap":{"0":{"loc":{"start":{"line":63,"column":41},"end":{"line":63,"column":106}},"type":"if","locations":[{"start":{"line":63,"column":41},"end":{"line":63,"column":106}},{"start":{"line":63,"column":41},"end":{"line":63,"column":106}}],"line":63}},"s":{"0":1,"1":0,"2":0,"3":0,"4":0,"5":0,"6":0,"7":0,"8":0,"9":0,"10":0,"11":0,"12":0},"f":{"0":0,"1":0,"2":0,"3":0,"4":0,"5":0},"b":{"0":[0,0]},"_coverageSchema":"332fd63041d2c1bcb487cc26dd0d5f7d97098a6c","hash":"d601a9e26e85af3ee744f716c208437c26a1213c"}
}
