TN:
SF:/Users/ozzycrane/Desktop/Development/personal/hightouch_challenge/src/index.js
FN:9,(anonymous_0)
FNF:1
FNH:1
FNDA:1,(anonymous_0)
DA:9,1
DA:10,1
DA:11,1
LF:3
LH:3
BRF:0
BRH:0
end_of_record
TN:
SF:/Users/ozzycrane/Desktop/Development/personal/hightouch_challenge/src/components/OptionsBar/index.js
FN:18,(anonymous_0)
FN:21,(anonymous_1)
FNF:2
FNH:1
FNDA:1,(anonymous_0)
FNDA:0,(anonymous_1)
DA:6,3
DA:12,3
DA:19,1
DA:22,0
DA:35,3
DA:41,3
LF:6
LH:5
BRDA:24,0,0,0
BRDA:24,0,1,0
BRF:2
BRH:0
end_of_record
TN:
SF:/Users/ozzycrane/Desktop/Development/personal/hightouch_challenge/src/components/Section/index.js
FNF:0
FNH:0
DA:4,2
LF:1
LH:1
BRF:0
BRH:0
end_of_record
TN:
SF:/Users/ozzycrane/Desktop/Development/personal/hightouch_challenge/src/components/TreeListView/index.js
FN:19,(anonymous_0)
FN:24,(anonymous_1)
FN:36,(anonymous_2)
FN:42,(anonymous_3)
FN:43,(anonymous_4)
FNF:5
FNH:4
FNDA:0,(anonymous_0)
FNDA:5,(anonymous_1)
FNDA:2,(anonymous_2)
FNDA:3,(anonymous_3)
FNDA:3,(anonymous_4)
DA:9,3
DA:20,0
DA:26,5
DA:27,3
DA:33,2
DA:36,2
DA:43,3
DA:44,3
DA:52,3
DA:56,3
LF:10
LH:9
BRDA:26,0,0,3
BRDA:26,0,1,2
BRDA:26,1,0,5
BRDA:26,1,1,4
BRDA:46,2,0,2
BRDA:46,2,1,1
BRF:6
BRH:6
end_of_record
TN:
SF:/Users/ozzycrane/Desktop/Development/personal/hightouch_challenge/src/components/TreeListView/NodeCell/index.js
FN:6,(anonymous_0)
FN:25,(anonymous_1)
FN:55,(anonymous_2)
FNF:3
FNH:2
FNDA:1,(anonymous_0)
FNDA:2,(anonymous_1)
FNDA:0,(anonymous_2)
DA:6,4
DA:7,1
DA:14,4
DA:21,4
DA:25,4
DA:26,2
DA:40,4
DA:53,4
DA:55,0
LF:9
LH:8
BRDA:35,0,0,2
BRDA:35,0,1,0
BRF:2
BRH:1
end_of_record
TN:
SF:/Users/ozzycrane/Desktop/Development/personal/hightouch_challenge/src/components/common/index.js
FNF:0
FNH:0
LF:0
LH:0
BRF:0
BRH:0
end_of_record
TN:
SF:/Users/ozzycrane/Desktop/Development/personal/hightouch_challenge/src/components/common/Card/index.js
FN:21,(anonymous_0)
FNF:1
FNH:0
FNDA:0,(anonymous_0)
DA:4,4
DA:21,4
DA:22,0
DA:23,0
LF:4
LH:2
BRF:0
BRH:0
end_of_record
TN:
SF:/Users/ozzycrane/Desktop/Development/personal/hightouch_challenge/src/components/common/CardSection/index.js
FN:16,(anonymous_0)
FNF:1
FNH:0
FNDA:0,(anonymous_0)
DA:4,4
DA:16,4
DA:17,0
DA:18,0
LF:4
LH:2
BRF:0
BRH:0
end_of_record
TN:
SF:/Users/ozzycrane/Desktop/Development/personal/hightouch_challenge/src/containers/Menu/actions.js
FN:4,(anonymous_0)
FN:12,(anonymous_1)
FN:21,(anonymous_2)
FN:29,(anonymous_3)
FNF:4
FNH:4
FNDA:4,(anonymous_0)
FNDA:2,(anonymous_1)
FNDA:3,(anonymous_2)
FNDA:1,(anonymous_3)
DA:4,3
DA:5,4
DA:12,3
DA:13,2
DA:21,3
DA:24,3
DA:29,3
DA:30,1
LF:8
LH:8
BRF:0
BRH:0
end_of_record
TN:
SF:/Users/ozzycrane/Desktop/Development/personal/hightouch_challenge/src/containers/Menu/index.js
FN:14,(anonymous_0)
FN:19,(anonymous_1)
FN:20,(anonymous_2)
FN:24,(anonymous_3)
FN:28,(anonymous_4)
FN:35,(anonymous_5)
FN:39,(anonymous_6)
FN:47,(anonymous_7)
FN:94,(anonymous_8)
FN:95,(anonymous_9)
FN:96,(anonymous_10)
FN:101,(anonymous_11)
FNF:12
FNH:2
FNDA:0,(anonymous_0)
FNDA:0,(anonymous_1)
FNDA:0,(anonymous_2)
FNDA:0,(anonymous_3)
FNDA:0,(anonymous_4)
FNDA:0,(anonymous_5)
FNDA:1,(anonymous_6)
FNDA:0,(anonymous_7)
FNDA:0,(anonymous_8)
FNDA:0,(anonymous_9)
FNDA:0,(anonymous_10)
FNDA:3,(anonymous_11)
DA:16,0
DA:20,0
DA:21,0
DA:25,0
DA:28,0
DA:29,0
DA:30,0
DA:36,0
DA:40,1
DA:47,0
DA:60,2
DA:91,2
DA:94,0
DA:95,0
DA:96,0
DA:101,2
DA:102,3
DA:103,3
DA:104,3
DA:112,2
LF:20
LH:8
BRDA:25,0,0,0
BRDA:25,0,1,0
BRDA:29,1,0,0
BRDA:29,1,1,0
BRDA:108,2,0,0
BRDA:108,2,1,3
BRF:6
BRH:1
end_of_record
TN:
SF:/Users/ozzycrane/Desktop/Development/personal/hightouch_challenge/src/containers/Menu/reducer.js
FN:23,(anonymous_0)
FNF:1
FNH:1
FNDA:12,(anonymous_0)
DA:5,3
DA:23,3
DA:24,12
DA:25,12
DA:26,12
DA:29,1
DA:33,3
DA:34,3
DA:39,4
DA:40,4
DA:41,3
DA:44,1
DA:49,2
DA:50,2
DA:51,1
DA:55,1
DA:58,1
DA:64,2
LF:18
LH:18
BRDA:23,0,0,1
BRDA:26,1,0,1
BRDA:26,1,1,3
BRDA:26,1,2,4
BRDA:26,1,3,2
BRDA:26,1,4,2
BRDA:40,2,0,3
BRDA:40,2,1,1
BRDA:50,3,0,1
BRDA:50,3,1,1
BRF:10
BRH:10
end_of_record
TN:
SF:/Users/ozzycrane/Desktop/Development/personal/hightouch_challenge/src/containers/Menu/types.js
FNF:0
FNH:0
DA:2,3
DA:3,3
DA:4,3
DA:5,3
LF:4
LH:4
BRF:0
BRH:0
end_of_record
TN:
SF:/Users/ozzycrane/Desktop/Development/personal/hightouch_challenge/src/containers/Menu/utils.js
FN:6,(anonymous_0)
FN:23,(anonymous_1)
FN:30,(anonymous_2)
FN:33,(anonymous_3)
FN:37,(anonymous_4)
FN:39,(anonymous_5)
FN:51,(anonymous_6)
FN:56,(anonymous_7)
FN:57,(anonymous_8)
FNF:9
FNH:9
FNDA:105,(anonymous_0)
FNDA:89,(anonymous_1)
FNDA:8,(anonymous_2)
FNDA:14,(anonymous_3)
FNDA:5,(anonymous_4)
FNDA:8,(anonymous_5)
FNDA:5,(anonymous_6)
FNDA:2,(anonymous_7)
FNDA:8,(anonymous_8)
DA:6,3
DA:8,105
DA:11,105
DA:19,105
DA:23,89
DA:25,59
DA:30,3
DA:32,8
DA:33,14
DA:37,3
DA:38,5
DA:39,5
DA:40,8
DA:42,5
DA:51,3
DA:53,5
DA:55,5
DA:56,5
DA:57,2
DA:58,8
DA:59,2
DA:63,5
LF:22
LH:22
BRDA:8,0,0,0
BRDA:8,0,1,105
BRDA:19,1,0,46
BRDA:19,1,1,59
BRDA:32,2,0,0
BRDA:32,2,1,8
BRDA:58,3,0,2
BRDA:58,3,1,6
BRF:8
BRH:6
end_of_record
