TN:
SF:/Users/ozzycrane/Desktop/Development/personal/hightouch_challenge/src/index.js
FN:6,(anonymous_0)
FNF:1
FNH:1
FNDA:1,(anonymous_0)
DA:6,1
DA:7,1
LF:2
LH:2
BRF:0
BRH:0
end_of_record
TN:
SF:/Users/ozzycrane/Desktop/Development/personal/hightouch_challenge/src/components/OptionsBar/index.js
FN:13,(anonymous_0)
FN:18,(anonymous_1)
FN:21,(anonymous_2)
FNF:3
FNH:0
FNDA:0,(anonymous_0)
FNDA:0,(anonymous_1)
FNDA:0,(anonymous_2)
DA:5,2
DA:11,2
DA:13,0
DA:19,0
DA:21,0
LF:5
LH:2
BRDA:13,0,0,0
BRDA:13,0,1,0
BRF:2
BRH:0
end_of_record
TN:
SF:/Users/ozzycrane/Desktop/Development/personal/hightouch_challenge/src/components/Section/index.js
FNF:0
FNH:0
DA:4,2
LF:1
LH:1
BRF:0
BRH:0
end_of_record
TN:
SF:/Users/ozzycrane/Desktop/Development/personal/hightouch_challenge/src/components/TreeListView/index.js
FN:10,(anonymous_0)
FN:16,(anonymous_1)
FN:28,(anonymous_2)
FN:34,(anonymous_3)
FN:35,(anonymous_4)
FNF:5
FNH:4
FNDA:0,(anonymous_0)
FNDA:5,(anonymous_1)
FNDA:2,(anonymous_2)
FNDA:3,(anonymous_3)
FNDA:3,(anonymous_4)
DA:11,0
DA:12,0
DA:18,5
DA:19,3
DA:25,2
DA:28,2
DA:35,3
DA:36,3
DA:44,3
DA:48,3
LF:10
LH:8
BRDA:18,0,0,3
BRDA:18,0,1,2
BRDA:18,1,0,5
BRDA:18,1,1,4
BRDA:38,2,0,2
BRDA:38,2,1,1
BRF:6
BRH:6
end_of_record
TN:
SF:/Users/ozzycrane/Desktop/Development/personal/hightouch_challenge/src/components/TreeListView/NodeCell/index.js
FN:6,(anonymous_0)
FN:25,(anonymous_1)
FN:53,(anonymous_2)
FNF:3
FNH:2
FNDA:1,(anonymous_0)
FNDA:2,(anonymous_1)
FNDA:0,(anonymous_2)
DA:6,4
DA:7,1
DA:14,4
DA:21,4
DA:25,4
DA:26,2
DA:40,4
DA:51,4
DA:53,0
LF:9
LH:8
BRDA:35,0,0,2
BRDA:35,0,1,0
BRF:2
BRH:1
end_of_record
TN:
SF:/Users/ozzycrane/Desktop/Development/personal/hightouch_challenge/src/components/common/index.js
FNF:0
FNH:0
LF:0
LH:0
BRF:0
BRH:0
end_of_record
TN:
SF:/Users/ozzycrane/Desktop/Development/personal/hightouch_challenge/src/components/common/Card/index.js
FN:21,(anonymous_0)
FNF:1
FNH:0
FNDA:0,(anonymous_0)
DA:4,4
DA:21,4
DA:22,0
DA:23,0
LF:4
LH:2
BRF:0
BRH:0
end_of_record
TN:
SF:/Users/ozzycrane/Desktop/Development/personal/hightouch_challenge/src/components/common/CardSection/index.js
FN:16,(anonymous_0)
FNF:1
FNH:0
FNDA:0,(anonymous_0)
DA:4,4
DA:16,4
DA:17,0
DA:18,0
LF:4
LH:2
BRF:0
BRH:0
end_of_record
TN:
SF:/Users/ozzycrane/Desktop/Development/personal/hightouch_challenge/src/containers/Menu/index.js
FN:20,(anonymous_0)
FN:33,(anonymous_1)
FN:40,(anonymous_2)
FN:41,(anonymous_3)
FN:46,(anonymous_4)
FN:59,(anonymous_5)
FN:62,(anonymous_6)
FN:68,(anonymous_7)
FN:74,(anonymous_8)
FN:82,(anonymous_9)
FNF:10
FNH:7
FNDA:29,(anonymous_0)
FNDA:24,(anonymous_1)
FNDA:2,(anonymous_2)
FNDA:4,(anonymous_3)
FNDA:1,(anonymous_4)
FNDA:0,(anonymous_5)
FNDA:0,(anonymous_6)
FNDA:0,(anonymous_7)
FNDA:1,(anonymous_8)
FNDA:2,(anonymous_9)
DA:10,2
DA:20,2
DA:22,29
DA:25,29
DA:30,29
DA:33,24
DA:35,16
DA:40,2
DA:41,4
DA:47,1
DA:50,1
DA:51,1
DA:61,0
DA:62,0
DA:63,0
DA:69,0
DA:75,1
DA:82,2
LF:18
LH:14
BRDA:22,0,0,0
BRDA:22,0,1,29
BRDA:30,1,0,13
BRDA:30,1,1,16
BRDA:62,2,0,0
BRDA:62,2,1,0
BRF:6
BRH:3
end_of_record
